INFO:     Will watch for changes in these directories: ['/Users/sharajrewoo/DemoReposQA/FinSight/backend']
INFO:     Uvicorn running on http://0.0.0.0:8001 (Press CTRL+C to quit)
INFO:     Started reloader process [48167] using StatReload
/Users/sharajrewoo/DemoReposQA/FinSight/backend/.venv/lib/python3.9/site-packages/urllib3/__init__.py:35: NotOpenSSLWarning: urllib3 v2 only supports OpenSSL 1.1.1+, currently the 'ssl' module is compiled with 'LibreSSL 2.8.3'. See: https://github.com/urllib3/urllib3/issues/3020
  warnings.warn(
INFO:     Started server process [48172]
INFO:     Waiting for application startup.
INFO:     Application startup complete.
INFO:     127.0.0.1:51380 - "GET /api/ HTTP/1.1" 200 OK
INFO:     127.0.0.1:51923 - "OPTIONS /api/broker/status HTTP/1.1" 200 OK
INFO:     127.0.0.1:51923 - "GET /api/broker/status HTTP/1.1" 401 Unauthorized
INFO:     127.0.0.1:52161 - "POST /api/auth/token HTTP/1.1" 400 Bad Request
2026-02-24 16:13:35,860 - passlib.handlers.bcrypt - WARNING - (trapped) error reading bcrypt version
Traceback (most recent call last):
  File "/Users/sharajrewoo/DemoReposQA/FinSight/backend/.venv/lib/python3.9/site-packages/passlib/handlers/bcrypt.py", line 620, in _load_backend_mixin
    version = _bcrypt.__about__.__version__
AttributeError: module 'bcrypt' has no attribute '__about__'
INFO:     127.0.0.1:52537 - "POST /api/admin/provision-user HTTP/1.1" 500 Internal Server Error
ERROR:    Exception in ASGI application
  + Exception Group Traceback (most recent call last):
  |   File "/Users/sharajrewoo/DemoReposQA/FinSight/backend/.venv/lib/python3.9/site-packages/starlette/_utils.py", line 87, in collapse_excgroups
  |     yield
  |   File "/Users/sharajrewoo/DemoReposQA/FinSight/backend/.venv/lib/python3.9/site-packages/starlette/middleware/base.py", line 193, in __call__
  |     response_sent.set()
  |   File "/Users/sharajrewoo/DemoReposQA/FinSight/backend/.venv/lib/python3.9/site-packages/anyio/_backends/_asyncio.py", line 783, in __aexit__
  |     raise BaseExceptionGroup(
  | exceptiongroup.ExceptionGroup: unhandled errors in a TaskGroup (1 sub-exception)
  +-+---------------- 1 ----------------
    | Traceback (most recent call last):
    |   File "/Users/sharajrewoo/DemoReposQA/FinSight/backend/.venv/lib/python3.9/site-packages/uvicorn/protocols/http/h11_impl.py", line 408, in run_asgi
    |     result = await app(  # type: ignore[func-returns-value]
    |   File "/Users/sharajrewoo/DemoReposQA/FinSight/backend/.venv/lib/python3.9/site-packages/uvicorn/middleware/proxy_headers.py", line 84, in __call__
    |     return await self.app(scope, receive, send)
    |   File "/Users/sharajrewoo/DemoReposQA/FinSight/backend/.venv/lib/python3.9/site-packages/fastapi/applications.py", line 1054, in __call__
    |     await super().__call__(scope, receive, send)
    |   File "/Users/sharajrewoo/DemoReposQA/FinSight/backend/.venv/lib/python3.9/site-packages/starlette/applications.py", line 123, in __call__
    |     await self.middleware_stack(scope, receive, send)
    |   File "/Users/sharajrewoo/DemoReposQA/FinSight/backend/.venv/lib/python3.9/site-packages/starlette/middleware/errors.py", line 186, in __call__
    |     raise exc
    |   File "/Users/sharajrewoo/DemoReposQA/FinSight/backend/.venv/lib/python3.9/site-packages/starlette/middleware/errors.py", line 164, in __call__
    |     await self.app(scope, receive, _send)
    |   File "/Users/sharajrewoo/DemoReposQA/FinSight/backend/.venv/lib/python3.9/site-packages/starlette/middleware/cors.py", line 85, in __call__
    |     await self.app(scope, receive, send)
    |   File "/Users/sharajrewoo/DemoReposQA/FinSight/backend/.venv/lib/python3.9/site-packages/starlette/middleware/base.py", line 193, in __call__
    |     response_sent.set()
    |   File "/Library/Developer/CommandLineTools/Library/Frameworks/Python3.framework/Versions/3.9/lib/python3.9/contextlib.py", line 135, in __exit__
    |     self.gen.throw(type, value, traceback)
    |   File "/Users/sharajrewoo/DemoReposQA/FinSight/backend/.venv/lib/python3.9/site-packages/starlette/_utils.py", line 93, in collapse_excgroups
    |     raise exc
    |   File "/Users/sharajrewoo/DemoReposQA/FinSight/backend/.venv/lib/python3.9/site-packages/starlette/middleware/base.py", line 191, in __call__
    |     response = await self.dispatch_func(request, call_next)
    |   File "/Users/sharajrewoo/DemoReposQA/FinSight/backend/.venv/lib/python3.9/site-packages/slowapi/middleware.py", line 136, in dispatch
    |     response = await call_next(request)
    |   File "/Users/sharajrewoo/DemoReposQA/FinSight/backend/.venv/lib/python3.9/site-packages/starlette/middleware/base.py", line 165, in call_next
    |     raise app_exc
    |   File "/Users/sharajrewoo/DemoReposQA/FinSight/backend/.venv/lib/python3.9/site-packages/starlette/middleware/base.py", line 151, in coro
    |     await self.app(scope, receive_or_disconnect, send_no_error)
    |   File "/Users/sharajrewoo/DemoReposQA/FinSight/backend/.venv/lib/python3.9/site-packages/starlette/middleware/exceptions.py", line 65, in __call__
    |     await wrap_app_handling_exceptions(self.app, conn)(scope, receive, send)
    |   File "/Users/sharajrewoo/DemoReposQA/FinSight/backend/.venv/lib/python3.9/site-packages/starlette/_exception_handler.py", line 64, in wrapped_app
    |     raise exc
    |   File "/Users/sharajrewoo/DemoReposQA/FinSight/backend/.venv/lib/python3.9/site-packages/starlette/_exception_handler.py", line 53, in wrapped_app
    |     await app(scope, receive, sender)
    |   File "/Users/sharajrewoo/DemoReposQA/FinSight/backend/.venv/lib/python3.9/site-packages/starlette/routing.py", line 756, in __call__
    |     await self.middleware_stack(scope, receive, send)
    |   File "/Users/sharajrewoo/DemoReposQA/FinSight/backend/.venv/lib/python3.9/site-packages/starlette/routing.py", line 776, in app
    |     await route.handle(scope, receive, send)
    |   File "/Users/sharajrewoo/DemoReposQA/FinSight/backend/.venv/lib/python3.9/site-packages/starlette/routing.py", line 297, in handle
    |     await self.app(scope, receive, send)
    |   File "/Users/sharajrewoo/DemoReposQA/FinSight/backend/.venv/lib/python3.9/site-packages/starlette/routing.py", line 77, in app
    |     await wrap_app_handling_exceptions(app, request)(scope, receive, send)
    |   File "/Users/sharajrewoo/DemoReposQA/FinSight/backend/.venv/lib/python3.9/site-packages/starlette/_exception_handler.py", line 64, in wrapped_app
    |     raise exc
    |   File "/Users/sharajrewoo/DemoReposQA/FinSight/backend/.venv/lib/python3.9/site-packages/starlette/_exception_handler.py", line 53, in wrapped_app
    |     await app(scope, receive, sender)
    |   File "/Users/sharajrewoo/DemoReposQA/FinSight/backend/.venv/lib/python3.9/site-packages/starlette/routing.py", line 72, in app
    |     response = await func(request)
    |   File "/Users/sharajrewoo/DemoReposQA/FinSight/backend/.venv/lib/python3.9/site-packages/fastapi/routing.py", line 278, in app
    |     raw_response = await run_endpoint_function(
    |   File "/Users/sharajrewoo/DemoReposQA/FinSight/backend/.venv/lib/python3.9/site-packages/fastapi/routing.py", line 191, in run_endpoint_function
    |     return await dependant.call(**values)
    |   File "/Users/sharajrewoo/DemoReposQA/FinSight/backend/server.py", line 121, in admin_provision_user
    |     hashed_password = get_password_hash(user.password)
    |   File "/Users/sharajrewoo/DemoReposQA/FinSight/backend/auth.py", line 39, in get_password_hash
    |     return pwd_context.hash(password)
    |   File "/Users/sharajrewoo/DemoReposQA/FinSight/backend/.venv/lib/python3.9/site-packages/passlib/context.py", line 2258, in hash
    |     return record.hash(secret, **kwds)
    |   File "/Users/sharajrewoo/DemoReposQA/FinSight/backend/.venv/lib/python3.9/site-packages/passlib/utils/handlers.py", line 779, in hash
    |     self.checksum = self._calc_checksum(secret)
    |   File "/Users/sharajrewoo/DemoReposQA/FinSight/backend/.venv/lib/python3.9/site-packages/passlib/handlers/bcrypt.py", line 591, in _calc_checksum
    |     self._stub_requires_backend()
    |   File "/Users/sharajrewoo/DemoReposQA/FinSight/backend/.venv/lib/python3.9/site-packages/passlib/utils/handlers.py", line 2254, in _stub_requires_backend
    |     cls.set_backend()
    |   File "/Users/sharajrewoo/DemoReposQA/FinSight/backend/.venv/lib/python3.9/site-packages/passlib/utils/handlers.py", line 2156, in set_backend
    |     return owner.set_backend(name, dryrun=dryrun)
    |   File "/Users/sharajrewoo/DemoReposQA/FinSight/backend/.venv/lib/python3.9/site-packages/passlib/utils/handlers.py", line 2163, in set_backend
    |     return cls.set_backend(name, dryrun=dryrun)
    |   File "/Users/sharajrewoo/DemoReposQA/FinSight/backend/.venv/lib/python3.9/site-packages/passlib/utils/handlers.py", line 2188, in set_backend
    |     cls._set_backend(name, dryrun)
    |   File "/Users/sharajrewoo/DemoReposQA/FinSight/backend/.venv/lib/python3.9/site-packages/passlib/utils/handlers.py", line 2311, in _set_backend
    |     super(SubclassBackendMixin, cls)._set_backend(name, dryrun)
    |   File "/Users/sharajrewoo/DemoReposQA/FinSight/backend/.venv/lib/python3.9/site-packages/passlib/utils/handlers.py", line 2224, in _set_backend
    |     ok = loader(**kwds)
    |   File "/Users/sharajrewoo/DemoReposQA/FinSight/backend/.venv/lib/python3.9/site-packages/passlib/handlers/bcrypt.py", line 626, in _load_backend_mixin
    |     return mixin_cls._finalize_backend_mixin(name, dryrun)
    |   File "/Users/sharajrewoo/DemoReposQA/FinSight/backend/.venv/lib/python3.9/site-packages/passlib/handlers/bcrypt.py", line 421, in _finalize_backend_mixin
    |     if detect_wrap_bug(IDENT_2A):
    |   File "/Users/sharajrewoo/DemoReposQA/FinSight/backend/.venv/lib/python3.9/site-packages/passlib/handlers/bcrypt.py", line 380, in detect_wrap_bug
    |     if verify(secret, bug_hash):
    |   File "/Users/sharajrewoo/DemoReposQA/FinSight/backend/.venv/lib/python3.9/site-packages/passlib/utils/handlers.py", line 792, in verify
    |     return consteq(self._calc_checksum(secret), chk)
    |   File "/Users/sharajrewoo/DemoReposQA/FinSight/backend/.venv/lib/python3.9/site-packages/passlib/handlers/bcrypt.py", line 655, in _calc_checksum
    |     hash = _bcrypt.hashpw(secret, config)
    | ValueError: password cannot be longer than 72 bytes, truncate manually if necessary (e.g. my_password[:72])
    +------------------------------------

During handling of the above exception, another exception occurred:

Traceback (most recent call last):
  File "/Users/sharajrewoo/DemoReposQA/FinSight/backend/.venv/lib/python3.9/site-packages/uvicorn/protocols/http/h11_impl.py", line 408, in run_asgi
    result = await app(  # type: ignore[func-returns-value]
  File "/Users/sharajrewoo/DemoReposQA/FinSight/backend/.venv/lib/python3.9/site-packages/uvicorn/middleware/proxy_headers.py", line 84, in __call__
    return await self.app(scope, receive, send)
  File "/Users/sharajrewoo/DemoReposQA/FinSight/backend/.venv/lib/python3.9/site-packages/fastapi/applications.py", line 1054, in __call__
    await super().__call__(scope, receive, send)
  File "/Users/sharajrewoo/DemoReposQA/FinSight/backend/.venv/lib/python3.9/site-packages/starlette/applications.py", line 123, in __call__
    await self.middleware_stack(scope, receive, send)
  File "/Users/sharajrewoo/DemoReposQA/FinSight/backend/.venv/lib/python3.9/site-packages/starlette/middleware/errors.py", line 186, in __call__
    raise exc
  File "/Users/sharajrewoo/DemoReposQA/FinSight/backend/.venv/lib/python3.9/site-packages/starlette/middleware/errors.py", line 164, in __call__
    await self.app(scope, receive, _send)
  File "/Users/sharajrewoo/DemoReposQA/FinSight/backend/.venv/lib/python3.9/site-packages/starlette/middleware/cors.py", line 85, in __call__
    await self.app(scope, receive, send)
  File "/Users/sharajrewoo/DemoReposQA/FinSight/backend/.venv/lib/python3.9/site-packages/starlette/middleware/base.py", line 193, in __call__
    response_sent.set()
  File "/Library/Developer/CommandLineTools/Library/Frameworks/Python3.framework/Versions/3.9/lib/python3.9/contextlib.py", line 135, in __exit__
    self.gen.throw(type, value, traceback)
  File "/Users/sharajrewoo/DemoReposQA/FinSight/backend/.venv/lib/python3.9/site-packages/starlette/_utils.py", line 93, in collapse_excgroups
    raise exc
  File "/Users/sharajrewoo/DemoReposQA/FinSight/backend/.venv/lib/python3.9/site-packages/starlette/middleware/base.py", line 191, in __call__
    response = await self.dispatch_func(request, call_next)
  File "/Users/sharajrewoo/DemoReposQA/FinSight/backend/.venv/lib/python3.9/site-packages/slowapi/middleware.py", line 136, in dispatch
    response = await call_next(request)
  File "/Users/sharajrewoo/DemoReposQA/FinSight/backend/.venv/lib/python3.9/site-packages/starlette/middleware/base.py", line 165, in call_next
    raise app_exc
  File "/Users/sharajrewoo/DemoReposQA/FinSight/backend/.venv/lib/python3.9/site-packages/starlette/middleware/base.py", line 151, in coro
    await self.app(scope, receive_or_disconnect, send_no_error)
  File "/Users/sharajrewoo/DemoReposQA/FinSight/backend/.venv/lib/python3.9/site-packages/starlette/middleware/exceptions.py", line 65, in __call__
    await wrap_app_handling_exceptions(self.app, conn)(scope, receive, send)
  File "/Users/sharajrewoo/DemoReposQA/FinSight/backend/.venv/lib/python3.9/site-packages/starlette/_exception_handler.py", line 64, in wrapped_app
    raise exc
  File "/Users/sharajrewoo/DemoReposQA/FinSight/backend/.venv/lib/python3.9/site-packages/starlette/_exception_handler.py", line 53, in wrapped_app
    await app(scope, receive, sender)
  File "/Users/sharajrewoo/DemoReposQA/FinSight/backend/.venv/lib/python3.9/site-packages/starlette/routing.py", line 756, in __call__
    await self.middleware_stack(scope, receive, send)
  File "/Users/sharajrewoo/DemoReposQA/FinSight/backend/.venv/lib/python3.9/site-packages/starlette/routing.py", line 776, in app
    await route.handle(scope, receive, send)
  File "/Users/sharajrewoo/DemoReposQA/FinSight/backend/.venv/lib/python3.9/site-packages/starlette/routing.py", line 297, in handle
    await self.app(scope, receive, send)
  File "/Users/sharajrewoo/DemoReposQA/FinSight/backend/.venv/lib/python3.9/site-packages/starlette/routing.py", line 77, in app
    await wrap_app_handling_exceptions(app, request)(scope, receive, send)
  File "/Users/sharajrewoo/DemoReposQA/FinSight/backend/.venv/lib/python3.9/site-packages/starlette/_exception_handler.py", line 64, in wrapped_app
    raise exc
  File "/Users/sharajrewoo/DemoReposQA/FinSight/backend/.venv/lib/python3.9/site-packages/starlette/_exception_handler.py", line 53, in wrapped_app
    await app(scope, receive, sender)
  File "/Users/sharajrewoo/DemoReposQA/FinSight/backend/.venv/lib/python3.9/site-packages/starlette/routing.py", line 72, in app
    response = await func(request)
  File "/Users/sharajrewoo/DemoReposQA/FinSight/backend/.venv/lib/python3.9/site-packages/fastapi/routing.py", line 278, in app
    raw_response = await run_endpoint_function(
  File "/Users/sharajrewoo/DemoReposQA/FinSight/backend/.venv/lib/python3.9/site-packages/fastapi/routing.py", line 191, in run_endpoint_function
    return await dependant.call(**values)
  File "/Users/sharajrewoo/DemoReposQA/FinSight/backend/server.py", line 121, in admin_provision_user
    hashed_password = get_password_hash(user.password)
  File "/Users/sharajrewoo/DemoReposQA/FinSight/backend/auth.py", line 39, in get_password_hash
    return pwd_context.hash(password)
  File "/Users/sharajrewoo/DemoReposQA/FinSight/backend/.venv/lib/python3.9/site-packages/passlib/context.py", line 2258, in hash
    return record.hash(secret, **kwds)
  File "/Users/sharajrewoo/DemoReposQA/FinSight/backend/.venv/lib/python3.9/site-packages/passlib/utils/handlers.py", line 779, in hash
    self.checksum = self._calc_checksum(secret)
  File "/Users/sharajrewoo/DemoReposQA/FinSight/backend/.venv/lib/python3.9/site-packages/passlib/handlers/bcrypt.py", line 591, in _calc_checksum
    self._stub_requires_backend()
  File "/Users/sharajrewoo/DemoReposQA/FinSight/backend/.venv/lib/python3.9/site-packages/passlib/utils/handlers.py", line 2254, in _stub_requires_backend
    cls.set_backend()
  File "/Users/sharajrewoo/DemoReposQA/FinSight/backend/.venv/lib/python3.9/site-packages/passlib/utils/handlers.py", line 2156, in set_backend
    return owner.set_backend(name, dryrun=dryrun)
  File "/Users/sharajrewoo/DemoReposQA/FinSight/backend/.venv/lib/python3.9/site-packages/passlib/utils/handlers.py", line 2163, in set_backend
    return cls.set_backend(name, dryrun=dryrun)
  File "/Users/sharajrewoo/DemoReposQA/FinSight/backend/.venv/lib/python3.9/site-packages/passlib/utils/handlers.py", line 2188, in set_backend
    cls._set_backend(name, dryrun)
  File "/Users/sharajrewoo/DemoReposQA/FinSight/backend/.venv/lib/python3.9/site-packages/passlib/utils/handlers.py", line 2311, in _set_backend
    super(SubclassBackendMixin, cls)._set_backend(name, dryrun)
  File "/Users/sharajrewoo/DemoReposQA/FinSight/backend/.venv/lib/python3.9/site-packages/passlib/utils/handlers.py", line 2224, in _set_backend
    ok = loader(**kwds)
  File "/Users/sharajrewoo/DemoReposQA/FinSight/backend/.venv/lib/python3.9/site-packages/passlib/handlers/bcrypt.py", line 626, in _load_backend_mixin
    return mixin_cls._finalize_backend_mixin(name, dryrun)
  File "/Users/sharajrewoo/DemoReposQA/FinSight/backend/.venv/lib/python3.9/site-packages/passlib/handlers/bcrypt.py", line 421, in _finalize_backend_mixin
    if detect_wrap_bug(IDENT_2A):
  File "/Users/sharajrewoo/DemoReposQA/FinSight/backend/.venv/lib/python3.9/site-packages/passlib/handlers/bcrypt.py", line 380, in detect_wrap_bug
    if verify(secret, bug_hash):
  File "/Users/sharajrewoo/DemoReposQA/FinSight/backend/.venv/lib/python3.9/site-packages/passlib/utils/handlers.py", line 792, in verify
    return consteq(self._calc_checksum(secret), chk)
  File "/Users/sharajrewoo/DemoReposQA/FinSight/backend/.venv/lib/python3.9/site-packages/passlib/handlers/bcrypt.py", line 655, in _calc_checksum
    hash = _bcrypt.hashpw(secret, config)
ValueError: password cannot be longer than 72 bytes, truncate manually if necessary (e.g. my_password[:72])
WARNING:  StatReload detected changes in 'auth.py'. Reloading...
INFO:     Shutting down
INFO:     Waiting for application shutdown.
INFO:     Application shutdown complete.
INFO:     Finished server process [48172]
/Users/sharajrewoo/DemoReposQA/FinSight/backend/.venv/lib/python3.9/site-packages/urllib3/__init__.py:35: NotOpenSSLWarning: urllib3 v2 only supports OpenSSL 1.1.1+, currently the 'ssl' module is compiled with 'LibreSSL 2.8.3'. See: https://github.com/urllib3/urllib3/issues/3020
  warnings.warn(
INFO:     Started server process [52522]
INFO:     Waiting for application startup.
INFO:     Application startup complete.
2026-02-24 16:14:53,630 - passlib.handlers.bcrypt - WARNING - (trapped) error reading bcrypt version
Traceback (most recent call last):
  File "/Users/sharajrewoo/DemoReposQA/FinSight/backend/.venv/lib/python3.9/site-packages/passlib/handlers/bcrypt.py", line 620, in _load_backend_mixin
    version = _bcrypt.__about__.__version__
AttributeError: module 'bcrypt' has no attribute '__about__'
INFO:     127.0.0.1:52930 - "POST /api/admin/provision-user HTTP/1.1" 500 Internal Server Error
ERROR:    Exception in ASGI application
  + Exception Group Traceback (most recent call last):
  |   File "/Users/sharajrewoo/DemoReposQA/FinSight/backend/.venv/lib/python3.9/site-packages/starlette/_utils.py", line 87, in collapse_excgroups
  |     yield
  |   File "/Users/sharajrewoo/DemoReposQA/FinSight/backend/.venv/lib/python3.9/site-packages/starlette/middleware/base.py", line 193, in __call__
  |     response_sent.set()
  |   File "/Users/sharajrewoo/DemoReposQA/FinSight/backend/.venv/lib/python3.9/site-packages/anyio/_backends/_asyncio.py", line 783, in __aexit__
  |     raise BaseExceptionGroup(
  | exceptiongroup.ExceptionGroup: unhandled errors in a TaskGroup (1 sub-exception)
  +-+---------------- 1 ----------------
    | Traceback (most recent call last):
    |   File "/Users/sharajrewoo/DemoReposQA/FinSight/backend/.venv/lib/python3.9/site-packages/uvicorn/protocols/http/h11_impl.py", line 408, in run_asgi
    |     result = await app(  # type: ignore[func-returns-value]
    |   File "/Users/sharajrewoo/DemoReposQA/FinSight/backend/.venv/lib/python3.9/site-packages/uvicorn/middleware/proxy_headers.py", line 84, in __call__
    |     return await self.app(scope, receive, send)
    |   File "/Users/sharajrewoo/DemoReposQA/FinSight/backend/.venv/lib/python3.9/site-packages/fastapi/applications.py", line 1054, in __call__
    |     await super().__call__(scope, receive, send)
    |   File "/Users/sharajrewoo/DemoReposQA/FinSight/backend/.venv/lib/python3.9/site-packages/starlette/applications.py", line 123, in __call__
    |     await self.middleware_stack(scope, receive, send)
    |   File "/Users/sharajrewoo/DemoReposQA/FinSight/backend/.venv/lib/python3.9/site-packages/starlette/middleware/errors.py", line 186, in __call__
    |     raise exc
    |   File "/Users/sharajrewoo/DemoReposQA/FinSight/backend/.venv/lib/python3.9/site-packages/starlette/middleware/errors.py", line 164, in __call__
    |     await self.app(scope, receive, _send)
    |   File "/Users/sharajrewoo/DemoReposQA/FinSight/backend/.venv/lib/python3.9/site-packages/starlette/middleware/cors.py", line 85, in __call__
    |     await self.app(scope, receive, send)
    |   File "/Users/sharajrewoo/DemoReposQA/FinSight/backend/.venv/lib/python3.9/site-packages/starlette/middleware/base.py", line 193, in __call__
    |     response_sent.set()
    |   File "/Library/Developer/CommandLineTools/Library/Frameworks/Python3.framework/Versions/3.9/lib/python3.9/contextlib.py", line 135, in __exit__
    |     self.gen.throw(type, value, traceback)
    |   File "/Users/sharajrewoo/DemoReposQA/FinSight/backend/.venv/lib/python3.9/site-packages/starlette/_utils.py", line 93, in collapse_excgroups
    |     raise exc
    |   File "/Users/sharajrewoo/DemoReposQA/FinSight/backend/.venv/lib/python3.9/site-packages/starlette/middleware/base.py", line 191, in __call__
    |     response = await self.dispatch_func(request, call_next)
    |   File "/Users/sharajrewoo/DemoReposQA/FinSight/backend/.venv/lib/python3.9/site-packages/slowapi/middleware.py", line 136, in dispatch
    |     response = await call_next(request)
    |   File "/Users/sharajrewoo/DemoReposQA/FinSight/backend/.venv/lib/python3.9/site-packages/starlette/middleware/base.py", line 165, in call_next
    |     raise app_exc
    |   File "/Users/sharajrewoo/DemoReposQA/FinSight/backend/.venv/lib/python3.9/site-packages/starlette/middleware/base.py", line 151, in coro
    |     await self.app(scope, receive_or_disconnect, send_no_error)
    |   File "/Users/sharajrewoo/DemoReposQA/FinSight/backend/.venv/lib/python3.9/site-packages/starlette/middleware/exceptions.py", line 65, in __call__
    |     await wrap_app_handling_exceptions(self.app, conn)(scope, receive, send)
    |   File "/Users/sharajrewoo/DemoReposQA/FinSight/backend/.venv/lib/python3.9/site-packages/starlette/_exception_handler.py", line 64, in wrapped_app
    |     raise exc
    |   File "/Users/sharajrewoo/DemoReposQA/FinSight/backend/.venv/lib/python3.9/site-packages/starlette/_exception_handler.py", line 53, in wrapped_app
    |     await app(scope, receive, sender)
    |   File "/Users/sharajrewoo/DemoReposQA/FinSight/backend/.venv/lib/python3.9/site-packages/starlette/routing.py", line 756, in __call__
    |     await self.middleware_stack(scope, receive, send)
    |   File "/Users/sharajrewoo/DemoReposQA/FinSight/backend/.venv/lib/python3.9/site-packages/starlette/routing.py", line 776, in app
    |     await route.handle(scope, receive, send)
    |   File "/Users/sharajrewoo/DemoReposQA/FinSight/backend/.venv/lib/python3.9/site-packages/starlette/routing.py", line 297, in handle
    |     await self.app(scope, receive, send)
    |   File "/Users/sharajrewoo/DemoReposQA/FinSight/backend/.venv/lib/python3.9/site-packages/starlette/routing.py", line 77, in app
    |     await wrap_app_handling_exceptions(app, request)(scope, receive, send)
    |   File "/Users/sharajrewoo/DemoReposQA/FinSight/backend/.venv/lib/python3.9/site-packages/starlette/_exception_handler.py", line 64, in wrapped_app
    |     raise exc
    |   File "/Users/sharajrewoo/DemoReposQA/FinSight/backend/.venv/lib/python3.9/site-packages/starlette/_exception_handler.py", line 53, in wrapped_app
    |     await app(scope, receive, sender)
    |   File "/Users/sharajrewoo/DemoReposQA/FinSight/backend/.venv/lib/python3.9/site-packages/starlette/routing.py", line 72, in app
    |     response = await func(request)
    |   File "/Users/sharajrewoo/DemoReposQA/FinSight/backend/.venv/lib/python3.9/site-packages/fastapi/routing.py", line 278, in app
    |     raw_response = await run_endpoint_function(
    |   File "/Users/sharajrewoo/DemoReposQA/FinSight/backend/.venv/lib/python3.9/site-packages/fastapi/routing.py", line 191, in run_endpoint_function
    |     return await dependant.call(**values)
    |   File "/Users/sharajrewoo/DemoReposQA/FinSight/backend/server.py", line 121, in admin_provision_user
    |     hashed_password = get_password_hash(user.password)
    |   File "/Users/sharajrewoo/DemoReposQA/FinSight/backend/auth.py", line 39, in get_password_hash
    |     return pwd_context.hash(password[:72])
    |   File "/Users/sharajrewoo/DemoReposQA/FinSight/backend/.venv/lib/python3.9/site-packages/passlib/context.py", line 2258, in hash
    |     return record.hash(secret, **kwds)
    |   File "/Users/sharajrewoo/DemoReposQA/FinSight/backend/.venv/lib/python3.9/site-packages/passlib/utils/handlers.py", line 779, in hash
    |     self.checksum = self._calc_checksum(secret)
    |   File "/Users/sharajrewoo/DemoReposQA/FinSight/backend/.venv/lib/python3.9/site-packages/passlib/handlers/bcrypt.py", line 591, in _calc_checksum
    |     self._stub_requires_backend()
    |   File "/Users/sharajrewoo/DemoReposQA/FinSight/backend/.venv/lib/python3.9/site-packages/passlib/utils/handlers.py", line 2254, in _stub_requires_backend
    |     cls.set_backend()
    |   File "/Users/sharajrewoo/DemoReposQA/FinSight/backend/.venv/lib/python3.9/site-packages/passlib/utils/handlers.py", line 2156, in set_backend
    |     return owner.set_backend(name, dryrun=dryrun)
    |   File "/Users/sharajrewoo/DemoReposQA/FinSight/backend/.venv/lib/python3.9/site-packages/passlib/utils/handlers.py", line 2163, in set_backend
    |     return cls.set_backend(name, dryrun=dryrun)
    |   File "/Users/sharajrewoo/DemoReposQA/FinSight/backend/.venv/lib/python3.9/site-packages/passlib/utils/handlers.py", line 2188, in set_backend
    |     cls._set_backend(name, dryrun)
    |   File "/Users/sharajrewoo/DemoReposQA/FinSight/backend/.venv/lib/python3.9/site-packages/passlib/utils/handlers.py", line 2311, in _set_backend
    |     super(SubclassBackendMixin, cls)._set_backend(name, dryrun)
    |   File "/Users/sharajrewoo/DemoReposQA/FinSight/backend/.venv/lib/python3.9/site-packages/passlib/utils/handlers.py", line 2224, in _set_backend
    |     ok = loader(**kwds)
    |   File "/Users/sharajrewoo/DemoReposQA/FinSight/backend/.venv/lib/python3.9/site-packages/passlib/handlers/bcrypt.py", line 626, in _load_backend_mixin
    |     return mixin_cls._finalize_backend_mixin(name, dryrun)
    |   File "/Users/sharajrewoo/DemoReposQA/FinSight/backend/.venv/lib/python3.9/site-packages/passlib/handlers/bcrypt.py", line 421, in _finalize_backend_mixin
    |     if detect_wrap_bug(IDENT_2A):
    |   File "/Users/sharajrewoo/DemoReposQA/FinSight/backend/.venv/lib/python3.9/site-packages/passlib/handlers/bcrypt.py", line 380, in detect_wrap_bug
    |     if verify(secret, bug_hash):
    |   File "/Users/sharajrewoo/DemoReposQA/FinSight/backend/.venv/lib/python3.9/site-packages/passlib/utils/handlers.py", line 792, in verify
    |     return consteq(self._calc_checksum(secret), chk)
    |   File "/Users/sharajrewoo/DemoReposQA/FinSight/backend/.venv/lib/python3.9/site-packages/passlib/handlers/bcrypt.py", line 655, in _calc_checksum
    |     hash = _bcrypt.hashpw(secret, config)
    | ValueError: password cannot be longer than 72 bytes, truncate manually if necessary (e.g. my_password[:72])
    +------------------------------------

During handling of the above exception, another exception occurred:

Traceback (most recent call last):
  File "/Users/sharajrewoo/DemoReposQA/FinSight/backend/.venv/lib/python3.9/site-packages/uvicorn/protocols/http/h11_impl.py", line 408, in run_asgi
    result = await app(  # type: ignore[func-returns-value]
  File "/Users/sharajrewoo/DemoReposQA/FinSight/backend/.venv/lib/python3.9/site-packages/uvicorn/middleware/proxy_headers.py", line 84, in __call__
    return await self.app(scope, receive, send)
  File "/Users/sharajrewoo/DemoReposQA/FinSight/backend/.venv/lib/python3.9/site-packages/fastapi/applications.py", line 1054, in __call__
    await super().__call__(scope, receive, send)
  File "/Users/sharajrewoo/DemoReposQA/FinSight/backend/.venv/lib/python3.9/site-packages/starlette/applications.py", line 123, in __call__
    await self.middleware_stack(scope, receive, send)
  File "/Users/sharajrewoo/DemoReposQA/FinSight/backend/.venv/lib/python3.9/site-packages/starlette/middleware/errors.py", line 186, in __call__
    raise exc
  File "/Users/sharajrewoo/DemoReposQA/FinSight/backend/.venv/lib/python3.9/site-packages/starlette/middleware/errors.py", line 164, in __call__
    await self.app(scope, receive, _send)
  File "/Users/sharajrewoo/DemoReposQA/FinSight/backend/.venv/lib/python3.9/site-packages/starlette/middleware/cors.py", line 85, in __call__
    await self.app(scope, receive, send)
  File "/Users/sharajrewoo/DemoReposQA/FinSight/backend/.venv/lib/python3.9/site-packages/starlette/middleware/base.py", line 193, in __call__
    response_sent.set()
  File "/Library/Developer/CommandLineTools/Library/Frameworks/Python3.framework/Versions/3.9/lib/python3.9/contextlib.py", line 135, in __exit__
    self.gen.throw(type, value, traceback)
  File "/Users/sharajrewoo/DemoReposQA/FinSight/backend/.venv/lib/python3.9/site-packages/starlette/_utils.py", line 93, in collapse_excgroups
    raise exc
  File "/Users/sharajrewoo/DemoReposQA/FinSight/backend/.venv/lib/python3.9/site-packages/starlette/middleware/base.py", line 191, in __call__
    response = await self.dispatch_func(request, call_next)
  File "/Users/sharajrewoo/DemoReposQA/FinSight/backend/.venv/lib/python3.9/site-packages/slowapi/middleware.py", line 136, in dispatch
    response = await call_next(request)
  File "/Users/sharajrewoo/DemoReposQA/FinSight/backend/.venv/lib/python3.9/site-packages/starlette/middleware/base.py", line 165, in call_next
    raise app_exc
  File "/Users/sharajrewoo/DemoReposQA/FinSight/backend/.venv/lib/python3.9/site-packages/starlette/middleware/base.py", line 151, in coro
    await self.app(scope, receive_or_disconnect, send_no_error)
  File "/Users/sharajrewoo/DemoReposQA/FinSight/backend/.venv/lib/python3.9/site-packages/starlette/middleware/exceptions.py", line 65, in __call__
    await wrap_app_handling_exceptions(self.app, conn)(scope, receive, send)
  File "/Users/sharajrewoo/DemoReposQA/FinSight/backend/.venv/lib/python3.9/site-packages/starlette/_exception_handler.py", line 64, in wrapped_app
    raise exc
  File "/Users/sharajrewoo/DemoReposQA/FinSight/backend/.venv/lib/python3.9/site-packages/starlette/_exception_handler.py", line 53, in wrapped_app
    await app(scope, receive, sender)
  File "/Users/sharajrewoo/DemoReposQA/FinSight/backend/.venv/lib/python3.9/site-packages/starlette/routing.py", line 756, in __call__
    await self.middleware_stack(scope, receive, send)
  File "/Users/sharajrewoo/DemoReposQA/FinSight/backend/.venv/lib/python3.9/site-packages/starlette/routing.py", line 776, in app
    await route.handle(scope, receive, send)
  File "/Users/sharajrewoo/DemoReposQA/FinSight/backend/.venv/lib/python3.9/site-packages/starlette/routing.py", line 297, in handle
    await self.app(scope, receive, send)
  File "/Users/sharajrewoo/DemoReposQA/FinSight/backend/.venv/lib/python3.9/site-packages/starlette/routing.py", line 77, in app
    await wrap_app_handling_exceptions(app, request)(scope, receive, send)
  File "/Users/sharajrewoo/DemoReposQA/FinSight/backend/.venv/lib/python3.9/site-packages/starlette/_exception_handler.py", line 64, in wrapped_app
    raise exc
  File "/Users/sharajrewoo/DemoReposQA/FinSight/backend/.venv/lib/python3.9/site-packages/starlette/_exception_handler.py", line 53, in wrapped_app
    await app(scope, receive, sender)
  File "/Users/sharajrewoo/DemoReposQA/FinSight/backend/.venv/lib/python3.9/site-packages/starlette/routing.py", line 72, in app
    response = await func(request)
  File "/Users/sharajrewoo/DemoReposQA/FinSight/backend/.venv/lib/python3.9/site-packages/fastapi/routing.py", line 278, in app
    raw_response = await run_endpoint_function(
  File "/Users/sharajrewoo/DemoReposQA/FinSight/backend/.venv/lib/python3.9/site-packages/fastapi/routing.py", line 191, in run_endpoint_function
    return await dependant.call(**values)
  File "/Users/sharajrewoo/DemoReposQA/FinSight/backend/server.py", line 121, in admin_provision_user
    hashed_password = get_password_hash(user.password)
  File "/Users/sharajrewoo/DemoReposQA/FinSight/backend/auth.py", line 39, in get_password_hash
    return pwd_context.hash(password[:72])
  File "/Users/sharajrewoo/DemoReposQA/FinSight/backend/.venv/lib/python3.9/site-packages/passlib/context.py", line 2258, in hash
    return record.hash(secret, **kwds)
  File "/Users/sharajrewoo/DemoReposQA/FinSight/backend/.venv/lib/python3.9/site-packages/passlib/utils/handlers.py", line 779, in hash
    self.checksum = self._calc_checksum(secret)
  File "/Users/sharajrewoo/DemoReposQA/FinSight/backend/.venv/lib/python3.9/site-packages/passlib/handlers/bcrypt.py", line 591, in _calc_checksum
    self._stub_requires_backend()
  File "/Users/sharajrewoo/DemoReposQA/FinSight/backend/.venv/lib/python3.9/site-packages/passlib/utils/handlers.py", line 2254, in _stub_requires_backend
    cls.set_backend()
  File "/Users/sharajrewoo/DemoReposQA/FinSight/backend/.venv/lib/python3.9/site-packages/passlib/utils/handlers.py", line 2156, in set_backend
    return owner.set_backend(name, dryrun=dryrun)
  File "/Users/sharajrewoo/DemoReposQA/FinSight/backend/.venv/lib/python3.9/site-packages/passlib/utils/handlers.py", line 2163, in set_backend
    return cls.set_backend(name, dryrun=dryrun)
  File "/Users/sharajrewoo/DemoReposQA/FinSight/backend/.venv/lib/python3.9/site-packages/passlib/utils/handlers.py", line 2188, in set_backend
    cls._set_backend(name, dryrun)
  File "/Users/sharajrewoo/DemoReposQA/FinSight/backend/.venv/lib/python3.9/site-packages/passlib/utils/handlers.py", line 2311, in _set_backend
    super(SubclassBackendMixin, cls)._set_backend(name, dryrun)
  File "/Users/sharajrewoo/DemoReposQA/FinSight/backend/.venv/lib/python3.9/site-packages/passlib/utils/handlers.py", line 2224, in _set_backend
    ok = loader(**kwds)
  File "/Users/sharajrewoo/DemoReposQA/FinSight/backend/.venv/lib/python3.9/site-packages/passlib/handlers/bcrypt.py", line 626, in _load_backend_mixin
    return mixin_cls._finalize_backend_mixin(name, dryrun)
  File "/Users/sharajrewoo/DemoReposQA/FinSight/backend/.venv/lib/python3.9/site-packages/passlib/handlers/bcrypt.py", line 421, in _finalize_backend_mixin
    if detect_wrap_bug(IDENT_2A):
  File "/Users/sharajrewoo/DemoReposQA/FinSight/backend/.venv/lib/python3.9/site-packages/passlib/handlers/bcrypt.py", line 380, in detect_wrap_bug
    if verify(secret, bug_hash):
  File "/Users/sharajrewoo/DemoReposQA/FinSight/backend/.venv/lib/python3.9/site-packages/passlib/utils/handlers.py", line 792, in verify
    return consteq(self._calc_checksum(secret), chk)
  File "/Users/sharajrewoo/DemoReposQA/FinSight/backend/.venv/lib/python3.9/site-packages/passlib/handlers/bcrypt.py", line 655, in _calc_checksum
    hash = _bcrypt.hashpw(secret, config)
ValueError: password cannot be longer than 72 bytes, truncate manually if necessary (e.g. my_password[:72])
WARNING:  StatReload detected changes in '.venv/lib/python3.9/site-packages/bcrypt/__init__.py'. Reloading...
INFO:     Shutting down
INFO:     Waiting for application shutdown.
INFO:     Application shutdown complete.
INFO:     Finished server process [52522]
/Users/sharajrewoo/DemoReposQA/FinSight/backend/.venv/lib/python3.9/site-packages/urllib3/__init__.py:35: NotOpenSSLWarning: urllib3 v2 only supports OpenSSL 1.1.1+, currently the 'ssl' module is compiled with 'LibreSSL 2.8.3'. See: https://github.com/urllib3/urllib3/issues/3020
  warnings.warn(
INFO:     Started server process [53466]
INFO:     Waiting for application startup.
INFO:     Application startup complete.
INFO:     127.0.0.1:53243 - "POST /api/admin/provision-user HTTP/1.1" 200 OK
INFO:     127.0.0.1:53283 - "POST /api/auth/token HTTP/1.1" 200 OK
INFO:     127.0.0.1:53283 - "OPTIONS /api/user/profile HTTP/1.1" 200 OK
INFO:     127.0.0.1:53283 - "GET /api/user/profile HTTP/1.1" 200 OK
INFO:     ('127.0.0.1', 53285) - "WebSocket /ws/prices" [accepted]
INFO:     connection open
INFO:     127.0.0.1:53283 - "OPTIONS /api/market/indices HTTP/1.1" 200 OK
INFO:     127.0.0.1:53287 - "OPTIONS /api/market/top-movers HTTP/1.1" 200 OK
INFO:     127.0.0.1:53287 - "GET /api/market/indices HTTP/1.1" 200 OK
2026-02-24 16:16:05,158 - yfinance - ERROR - $TATAMOTORS.NS: possibly delisted; no price data found  (period=5d) (Yahoo error = "No data found, symbol may be delisted")
INFO:     127.0.0.1:53283 - "GET /api/market/top-movers HTTP/1.1" 200 OK
INFO:     127.0.0.1:53283 - "OPTIONS /api/market/news?limit=10 HTTP/1.1" 200 OK
INFO:     127.0.0.1:53287 - "OPTIONS /api/market/sector-heatmap HTTP/1.1" 200 OK
INFO:     127.0.0.1:53283 - "OPTIONS /api/market/morning-brief HTTP/1.1" 200 OK
INFO:     127.0.0.1:53287 - "GET /api/market/sector-heatmap HTTP/1.1" 500 Internal Server Error
ERROR:    Exception in ASGI application
  + Exception Group Traceback (most recent call last):
  |   File "/Users/sharajrewoo/DemoReposQA/FinSight/backend/.venv/lib/python3.9/site-packages/starlette/_utils.py", line 87, in collapse_excgroups
  |     yield
  |   File "/Users/sharajrewoo/DemoReposQA/FinSight/backend/.venv/lib/python3.9/site-packages/starlette/middleware/base.py", line 193, in __call__
  |     response_sent.set()
  |   File "/Users/sharajrewoo/DemoReposQA/FinSight/backend/.venv/lib/python3.9/site-packages/anyio/_backends/_asyncio.py", line 783, in __aexit__
  |     raise BaseExceptionGroup(
  | exceptiongroup.ExceptionGroup: unhandled errors in a TaskGroup (1 sub-exception)
  +-+---------------- 1 ----------------
    | Traceback (most recent call last):
    |   File "/Users/sharajrewoo/DemoReposQA/FinSight/backend/.venv/lib/python3.9/site-packages/uvicorn/protocols/http/h11_impl.py", line 408, in run_asgi
    |     result = await app(  # type: ignore[func-returns-value]
    |   File "/Users/sharajrewoo/DemoReposQA/FinSight/backend/.venv/lib/python3.9/site-packages/uvicorn/middleware/proxy_headers.py", line 84, in __call__
    |     return await self.app(scope, receive, send)
    |   File "/Users/sharajrewoo/DemoReposQA/FinSight/backend/.venv/lib/python3.9/site-packages/fastapi/applications.py", line 1054, in __call__
    |     await super().__call__(scope, receive, send)
    |   File "/Users/sharajrewoo/DemoReposQA/FinSight/backend/.venv/lib/python3.9/site-packages/starlette/applications.py", line 123, in __call__
    |     await self.middleware_stack(scope, receive, send)
    |   File "/Users/sharajrewoo/DemoReposQA/FinSight/backend/.venv/lib/python3.9/site-packages/starlette/middleware/errors.py", line 186, in __call__
    |     raise exc
    |   File "/Users/sharajrewoo/DemoReposQA/FinSight/backend/.venv/lib/python3.9/site-packages/starlette/middleware/errors.py", line 164, in __call__
    |     await self.app(scope, receive, _send)
    |   File "/Users/sharajrewoo/DemoReposQA/FinSight/backend/.venv/lib/python3.9/site-packages/starlette/middleware/cors.py", line 93, in __call__
    |     await self.simple_response(scope, receive, send, request_headers=headers)
    |   File "/Users/sharajrewoo/DemoReposQA/FinSight/backend/.venv/lib/python3.9/site-packages/starlette/middleware/cors.py", line 148, in simple_response
    |     await self.app(scope, receive, send)
    |   File "/Users/sharajrewoo/DemoReposQA/FinSight/backend/.venv/lib/python3.9/site-packages/starlette/middleware/base.py", line 193, in __call__
    |     response_sent.set()
    |   File "/Library/Developer/CommandLineTools/Library/Frameworks/Python3.framework/Versions/3.9/lib/python3.9/contextlib.py", line 135, in __exit__
    |     self.gen.throw(type, value, traceback)
    |   File "/Users/sharajrewoo/DemoReposQA/FinSight/backend/.venv/lib/python3.9/site-packages/starlette/_utils.py", line 93, in collapse_excgroups
    |     raise exc
    |   File "/Users/sharajrewoo/DemoReposQA/FinSight/backend/.venv/lib/python3.9/site-packages/starlette/middleware/base.py", line 191, in __call__
    |     response = await self.dispatch_func(request, call_next)
    |   File "/Users/sharajrewoo/DemoReposQA/FinSight/backend/.venv/lib/python3.9/site-packages/slowapi/middleware.py", line 128, in dispatch
    |     return await call_next(request)
    |   File "/Users/sharajrewoo/DemoReposQA/FinSight/backend/.venv/lib/python3.9/site-packages/starlette/middleware/base.py", line 165, in call_next
    |     raise app_exc
    |   File "/Users/sharajrewoo/DemoReposQA/FinSight/backend/.venv/lib/python3.9/site-packages/starlette/middleware/base.py", line 151, in coro
    |     await self.app(scope, receive_or_disconnect, send_no_error)
    |   File "/Users/sharajrewoo/DemoReposQA/FinSight/backend/.venv/lib/python3.9/site-packages/starlette/middleware/exceptions.py", line 65, in __call__
    |     await wrap_app_handling_exceptions(self.app, conn)(scope, receive, send)
    |   File "/Users/sharajrewoo/DemoReposQA/FinSight/backend/.venv/lib/python3.9/site-packages/starlette/_exception_handler.py", line 64, in wrapped_app
    |     raise exc
    |   File "/Users/sharajrewoo/DemoReposQA/FinSight/backend/.venv/lib/python3.9/site-packages/starlette/_exception_handler.py", line 53, in wrapped_app
    |     await app(scope, receive, sender)
    |   File "/Users/sharajrewoo/DemoReposQA/FinSight/backend/.venv/lib/python3.9/site-packages/starlette/routing.py", line 756, in __call__
    |     await self.middleware_stack(scope, receive, send)
    |   File "/Users/sharajrewoo/DemoReposQA/FinSight/backend/.venv/lib/python3.9/site-packages/starlette/routing.py", line 776, in app
    |     await route.handle(scope, receive, send)
    |   File "/Users/sharajrewoo/DemoReposQA/FinSight/backend/.venv/lib/python3.9/site-packages/starlette/routing.py", line 297, in handle
    |     await self.app(scope, receive, send)
    |   File "/Users/sharajrewoo/DemoReposQA/FinSight/backend/.venv/lib/python3.9/site-packages/starlette/routing.py", line 77, in app
    |     await wrap_app_handling_exceptions(app, request)(scope, receive, send)
    |   File "/Users/sharajrewoo/DemoReposQA/FinSight/backend/.venv/lib/python3.9/site-packages/starlette/_exception_handler.py", line 64, in wrapped_app
    |     raise exc
    |   File "/Users/sharajrewoo/DemoReposQA/FinSight/backend/.venv/lib/python3.9/site-packages/starlette/_exception_handler.py", line 53, in wrapped_app
    |     await app(scope, receive, sender)
    |   File "/Users/sharajrewoo/DemoReposQA/FinSight/backend/.venv/lib/python3.9/site-packages/starlette/routing.py", line 72, in app
    |     response = await func(request)
    |   File "/Users/sharajrewoo/DemoReposQA/FinSight/backend/.venv/lib/python3.9/site-packages/fastapi/routing.py", line 278, in app
    |     raw_response = await run_endpoint_function(
    |   File "/Users/sharajrewoo/DemoReposQA/FinSight/backend/.venv/lib/python3.9/site-packages/fastapi/routing.py", line 191, in run_endpoint_function
    |     return await dependant.call(**values)
    |   File "/Users/sharajrewoo/DemoReposQA/FinSight/backend/.venv/lib/python3.9/site-packages/slowapi/extension.py", line 734, in async_wrapper
    |     response = await func(*args, **kwargs)  # type: ignore
    |   File "/Users/sharajrewoo/DemoReposQA/FinSight/backend/server.py", line 1582, in get_sector_heatmap
    |     for sym_info in symbols_data:
    | TypeError: 'coroutine' object is not iterable
    +------------------------------------

During handling of the above exception, another exception occurred:

Traceback (most recent call last):
  File "/Users/sharajrewoo/DemoReposQA/FinSight/backend/.venv/lib/python3.9/site-packages/uvicorn/protocols/http/h11_impl.py", line 408, in run_asgi
    result = await app(  # type: ignore[func-returns-value]
  File "/Users/sharajrewoo/DemoReposQA/FinSight/backend/.venv/lib/python3.9/site-packages/uvicorn/middleware/proxy_headers.py", line 84, in __call__
    return await self.app(scope, receive, send)
  File "/Users/sharajrewoo/DemoReposQA/FinSight/backend/.venv/lib/python3.9/site-packages/fastapi/applications.py", line 1054, in __call__
    await super().__call__(scope, receive, send)
  File "/Users/sharajrewoo/DemoReposQA/FinSight/backend/.venv/lib/python3.9/site-packages/starlette/applications.py", line 123, in __call__
    await self.middleware_stack(scope, receive, send)
  File "/Users/sharajrewoo/DemoReposQA/FinSight/backend/.venv/lib/python3.9/site-packages/starlette/middleware/errors.py", line 186, in __call__
    raise exc
  File "/Users/sharajrewoo/DemoReposQA/FinSight/backend/.venv/lib/python3.9/site-packages/starlette/middleware/errors.py", line 164, in __call__
    await self.app(scope, receive, _send)
  File "/Users/sharajrewoo/DemoReposQA/FinSight/backend/.venv/lib/python3.9/site-packages/starlette/middleware/cors.py", line 93, in __call__
    await self.simple_response(scope, receive, send, request_headers=headers)
  File "/Users/sharajrewoo/DemoReposQA/FinSight/backend/.venv/lib/python3.9/site-packages/starlette/middleware/cors.py", line 148, in simple_response
    await self.app(scope, receive, send)
  File "/Users/sharajrewoo/DemoReposQA/FinSight/backend/.venv/lib/python3.9/site-packages/starlette/middleware/base.py", line 193, in __call__
    response_sent.set()
  File "/Library/Developer/CommandLineTools/Library/Frameworks/Python3.framework/Versions/3.9/lib/python3.9/contextlib.py", line 135, in __exit__
    self.gen.throw(type, value, traceback)
  File "/Users/sharajrewoo/DemoReposQA/FinSight/backend/.venv/lib/python3.9/site-packages/starlette/_utils.py", line 93, in collapse_excgroups
    raise exc
  File "/Users/sharajrewoo/DemoReposQA/FinSight/backend/.venv/lib/python3.9/site-packages/starlette/middleware/base.py", line 191, in __call__
    response = await self.dispatch_func(request, call_next)
  File "/Users/sharajrewoo/DemoReposQA/FinSight/backend/.venv/lib/python3.9/site-packages/slowapi/middleware.py", line 128, in dispatch
    return await call_next(request)
  File "/Users/sharajrewoo/DemoReposQA/FinSight/backend/.venv/lib/python3.9/site-packages/starlette/middleware/base.py", line 165, in call_next
    raise app_exc
  File "/Users/sharajrewoo/DemoReposQA/FinSight/backend/.venv/lib/python3.9/site-packages/starlette/middleware/base.py", line 151, in coro
    await self.app(scope, receive_or_disconnect, send_no_error)
  File "/Users/sharajrewoo/DemoReposQA/FinSight/backend/.venv/lib/python3.9/site-packages/starlette/middleware/exceptions.py", line 65, in __call__
    await wrap_app_handling_exceptions(self.app, conn)(scope, receive, send)
  File "/Users/sharajrewoo/DemoReposQA/FinSight/backend/.venv/lib/python3.9/site-packages/starlette/_exception_handler.py", line 64, in wrapped_app
    raise exc
  File "/Users/sharajrewoo/DemoReposQA/FinSight/backend/.venv/lib/python3.9/site-packages/starlette/_exception_handler.py", line 53, in wrapped_app
    await app(scope, receive, sender)
  File "/Users/sharajrewoo/DemoReposQA/FinSight/backend/.venv/lib/python3.9/site-packages/starlette/routing.py", line 756, in __call__
    await self.middleware_stack(scope, receive, send)
  File "/Users/sharajrewoo/DemoReposQA/FinSight/backend/.venv/lib/python3.9/site-packages/starlette/routing.py", line 776, in app
    await route.handle(scope, receive, send)
  File "/Users/sharajrewoo/DemoReposQA/FinSight/backend/.venv/lib/python3.9/site-packages/starlette/routing.py", line 297, in handle
    await self.app(scope, receive, send)
  File "/Users/sharajrewoo/DemoReposQA/FinSight/backend/.venv/lib/python3.9/site-packages/starlette/routing.py", line 77, in app
    await wrap_app_handling_exceptions(app, request)(scope, receive, send)
  File "/Users/sharajrewoo/DemoReposQA/FinSight/backend/.venv/lib/python3.9/site-packages/starlette/_exception_handler.py", line 64, in wrapped_app
    raise exc
  File "/Users/sharajrewoo/DemoReposQA/FinSight/backend/.venv/lib/python3.9/site-packages/starlette/_exception_handler.py", line 53, in wrapped_app
    await app(scope, receive, sender)
  File "/Users/sharajrewoo/DemoReposQA/FinSight/backend/.venv/lib/python3.9/site-packages/starlette/routing.py", line 72, in app
    response = await func(request)
  File "/Users/sharajrewoo/DemoReposQA/FinSight/backend/.venv/lib/python3.9/site-packages/fastapi/routing.py", line 278, in app
    raw_response = await run_endpoint_function(
  File "/Users/sharajrewoo/DemoReposQA/FinSight/backend/.venv/lib/python3.9/site-packages/fastapi/routing.py", line 191, in run_endpoint_function
    return await dependant.call(**values)
  File "/Users/sharajrewoo/DemoReposQA/FinSight/backend/.venv/lib/python3.9/site-packages/slowapi/extension.py", line 734, in async_wrapper
    response = await func(*args, **kwargs)  # type: ignore
  File "/Users/sharajrewoo/DemoReposQA/FinSight/backend/server.py", line 1582, in get_sector_heatmap
    for sym_info in symbols_data:
TypeError: 'coroutine' object is not iterable
/Users/sharajrewoo/DemoReposQA/FinSight/backend/.venv/lib/python3.9/site-packages/pandas/core/internals/managers.py:1377: RuntimeWarning: coroutine 'get_nifty50_symbols' was never awaited
  with warnings.catch_warnings():
RuntimeWarning: Enable tracemalloc to get the object allocation traceback
INFO:     127.0.0.1:53326 - "GET /api/market/news?limit=10 HTTP/1.1" 200 OK
INFO:     127.0.0.1:53326 - "GET /api/market/sector-heatmap HTTP/1.1" 500 Internal Server Error
ERROR:    Exception in ASGI application
  + Exception Group Traceback (most recent call last):
  |   File "/Users/sharajrewoo/DemoReposQA/FinSight/backend/.venv/lib/python3.9/site-packages/starlette/_utils.py", line 87, in collapse_excgroups
  |     yield
  |   File "/Users/sharajrewoo/DemoReposQA/FinSight/backend/.venv/lib/python3.9/site-packages/starlette/middleware/base.py", line 193, in __call__
  |     response_sent.set()
  |   File "/Users/sharajrewoo/DemoReposQA/FinSight/backend/.venv/lib/python3.9/site-packages/anyio/_backends/_asyncio.py", line 783, in __aexit__
  |     raise BaseExceptionGroup(
  | exceptiongroup.ExceptionGroup: unhandled errors in a TaskGroup (1 sub-exception)
  +-+---------------- 1 ----------------
    | Traceback (most recent call last):
    |   File "/Users/sharajrewoo/DemoReposQA/FinSight/backend/.venv/lib/python3.9/site-packages/uvicorn/protocols/http/h11_impl.py", line 408, in run_asgi
    |     result = await app(  # type: ignore[func-returns-value]
    |   File "/Users/sharajrewoo/DemoReposQA/FinSight/backend/.venv/lib/python3.9/site-packages/uvicorn/middleware/proxy_headers.py", line 84, in __call__
    |     return await self.app(scope, receive, send)
    |   File "/Users/sharajrewoo/DemoReposQA/FinSight/backend/.venv/lib/python3.9/site-packages/fastapi/applications.py", line 1054, in __call__
    |     await super().__call__(scope, receive, send)
    |   File "/Users/sharajrewoo/DemoReposQA/FinSight/backend/.venv/lib/python3.9/site-packages/starlette/applications.py", line 123, in __call__
    |     await self.middleware_stack(scope, receive, send)
    |   File "/Users/sharajrewoo/DemoReposQA/FinSight/backend/.venv/lib/python3.9/site-packages/starlette/middleware/errors.py", line 186, in __call__
    |     raise exc
    |   File "/Users/sharajrewoo/DemoReposQA/FinSight/backend/.venv/lib/python3.9/site-packages/starlette/middleware/errors.py", line 164, in __call__
    |     await self.app(scope, receive, _send)
    |   File "/Users/sharajrewoo/DemoReposQA/FinSight/backend/.venv/lib/python3.9/site-packages/starlette/middleware/cors.py", line 93, in __call__
    |     await self.simple_response(scope, receive, send, request_headers=headers)
    |   File "/Users/sharajrewoo/DemoReposQA/FinSight/backend/.venv/lib/python3.9/site-packages/starlette/middleware/cors.py", line 148, in simple_response
    |     await self.app(scope, receive, send)
    |   File "/Users/sharajrewoo/DemoReposQA/FinSight/backend/.venv/lib/python3.9/site-packages/starlette/middleware/base.py", line 193, in __call__
    |     response_sent.set()
    |   File "/Library/Developer/CommandLineTools/Library/Frameworks/Python3.framework/Versions/3.9/lib/python3.9/contextlib.py", line 135, in __exit__
    |     self.gen.throw(type, value, traceback)
    |   File "/Users/sharajrewoo/DemoReposQA/FinSight/backend/.venv/lib/python3.9/site-packages/starlette/_utils.py", line 93, in collapse_excgroups
    |     raise exc
    |   File "/Users/sharajrewoo/DemoReposQA/FinSight/backend/.venv/lib/python3.9/site-packages/starlette/middleware/base.py", line 191, in __call__
    |     response = await self.dispatch_func(request, call_next)
    |   File "/Users/sharajrewoo/DemoReposQA/FinSight/backend/.venv/lib/python3.9/site-packages/slowapi/middleware.py", line 128, in dispatch
    |     return await call_next(request)
    |   File "/Users/sharajrewoo/DemoReposQA/FinSight/backend/.venv/lib/python3.9/site-packages/starlette/middleware/base.py", line 165, in call_next
    |     raise app_exc
    |   File "/Users/sharajrewoo/DemoReposQA/FinSight/backend/.venv/lib/python3.9/site-packages/starlette/middleware/base.py", line 151, in coro
    |     await self.app(scope, receive_or_disconnect, send_no_error)
    |   File "/Users/sharajrewoo/DemoReposQA/FinSight/backend/.venv/lib/python3.9/site-packages/starlette/middleware/exceptions.py", line 65, in __call__
    |     await wrap_app_handling_exceptions(self.app, conn)(scope, receive, send)
    |   File "/Users/sharajrewoo/DemoReposQA/FinSight/backend/.venv/lib/python3.9/site-packages/starlette/_exception_handler.py", line 64, in wrapped_app
    |     raise exc
    |   File "/Users/sharajrewoo/DemoReposQA/FinSight/backend/.venv/lib/python3.9/site-packages/starlette/_exception_handler.py", line 53, in wrapped_app
    |     await app(scope, receive, sender)
    |   File "/Users/sharajrewoo/DemoReposQA/FinSight/backend/.venv/lib/python3.9/site-packages/starlette/routing.py", line 756, in __call__
    |     await self.middleware_stack(scope, receive, send)
    |   File "/Users/sharajrewoo/DemoReposQA/FinSight/backend/.venv/lib/python3.9/site-packages/starlette/routing.py", line 776, in app
    |     await route.handle(scope, receive, send)
    |   File "/Users/sharajrewoo/DemoReposQA/FinSight/backend/.venv/lib/python3.9/site-packages/starlette/routing.py", line 297, in handle
    |     await self.app(scope, receive, send)
    |   File "/Users/sharajrewoo/DemoReposQA/FinSight/backend/.venv/lib/python3.9/site-packages/starlette/routing.py", line 77, in app
    |     await wrap_app_handling_exceptions(app, request)(scope, receive, send)
    |   File "/Users/sharajrewoo/DemoReposQA/FinSight/backend/.venv/lib/python3.9/site-packages/starlette/_exception_handler.py", line 64, in wrapped_app
    |     raise exc
    |   File "/Users/sharajrewoo/DemoReposQA/FinSight/backend/.venv/lib/python3.9/site-packages/starlette/_exception_handler.py", line 53, in wrapped_app
    |     await app(scope, receive, sender)
    |   File "/Users/sharajrewoo/DemoReposQA/FinSight/backend/.venv/lib/python3.9/site-packages/starlette/routing.py", line 72, in app
    |     response = await func(request)
    |   File "/Users/sharajrewoo/DemoReposQA/FinSight/backend/.venv/lib/python3.9/site-packages/fastapi/routing.py", line 278, in app
    |     raw_response = await run_endpoint_function(
    |   File "/Users/sharajrewoo/DemoReposQA/FinSight/backend/.venv/lib/python3.9/site-packages/fastapi/routing.py", line 191, in run_endpoint_function
    |     return await dependant.call(**values)
    |   File "/Users/sharajrewoo/DemoReposQA/FinSight/backend/.venv/lib/python3.9/site-packages/slowapi/extension.py", line 734, in async_wrapper
    |     response = await func(*args, **kwargs)  # type: ignore
    |   File "/Users/sharajrewoo/DemoReposQA/FinSight/backend/server.py", line 1582, in get_sector_heatmap
    |     for sym_info in symbols_data:
    | TypeError: 'coroutine' object is not iterable
    +------------------------------------

During handling of the above exception, another exception occurred:

Traceback (most recent call last):
  File "/Users/sharajrewoo/DemoReposQA/FinSight/backend/.venv/lib/python3.9/site-packages/uvicorn/protocols/http/h11_impl.py", line 408, in run_asgi
    result = await app(  # type: ignore[func-returns-value]
  File "/Users/sharajrewoo/DemoReposQA/FinSight/backend/.venv/lib/python3.9/site-packages/uvicorn/middleware/proxy_headers.py", line 84, in __call__
    return await self.app(scope, receive, send)
  File "/Users/sharajrewoo/DemoReposQA/FinSight/backend/.venv/lib/python3.9/site-packages/fastapi/applications.py", line 1054, in __call__
    await super().__call__(scope, receive, send)
  File "/Users/sharajrewoo/DemoReposQA/FinSight/backend/.venv/lib/python3.9/site-packages/starlette/applications.py", line 123, in __call__
    await self.middleware_stack(scope, receive, send)
  File "/Users/sharajrewoo/DemoReposQA/FinSight/backend/.venv/lib/python3.9/site-packages/starlette/middleware/errors.py", line 186, in __call__
    raise exc
  File "/Users/sharajrewoo/DemoReposQA/FinSight/backend/.venv/lib/python3.9/site-packages/starlette/middleware/errors.py", line 164, in __call__
    await self.app(scope, receive, _send)
  File "/Users/sharajrewoo/DemoReposQA/FinSight/backend/.venv/lib/python3.9/site-packages/starlette/middleware/cors.py", line 93, in __call__
    await self.simple_response(scope, receive, send, request_headers=headers)
  File "/Users/sharajrewoo/DemoReposQA/FinSight/backend/.venv/lib/python3.9/site-packages/starlette/middleware/cors.py", line 148, in simple_response
    await self.app(scope, receive, send)
  File "/Users/sharajrewoo/DemoReposQA/FinSight/backend/.venv/lib/python3.9/site-packages/starlette/middleware/base.py", line 193, in __call__
    response_sent.set()
  File "/Library/Developer/CommandLineTools/Library/Frameworks/Python3.framework/Versions/3.9/lib/python3.9/contextlib.py", line 135, in __exit__
    self.gen.throw(type, value, traceback)
  File "/Users/sharajrewoo/DemoReposQA/FinSight/backend/.venv/lib/python3.9/site-packages/starlette/_utils.py", line 93, in collapse_excgroups
    raise exc
  File "/Users/sharajrewoo/DemoReposQA/FinSight/backend/.venv/lib/python3.9/site-packages/starlette/middleware/base.py", line 191, in __call__
    response = await self.dispatch_func(request, call_next)
  File "/Users/sharajrewoo/DemoReposQA/FinSight/backend/.venv/lib/python3.9/site-packages/slowapi/middleware.py", line 128, in dispatch
    return await call_next(request)
  File "/Users/sharajrewoo/DemoReposQA/FinSight/backend/.venv/lib/python3.9/site-packages/starlette/middleware/base.py", line 165, in call_next
    raise app_exc
  File "/Users/sharajrewoo/DemoReposQA/FinSight/backend/.venv/lib/python3.9/site-packages/starlette/middleware/base.py", line 151, in coro
    await self.app(scope, receive_or_disconnect, send_no_error)
  File "/Users/sharajrewoo/DemoReposQA/FinSight/backend/.venv/lib/python3.9/site-packages/starlette/middleware/exceptions.py", line 65, in __call__
    await wrap_app_handling_exceptions(self.app, conn)(scope, receive, send)
  File "/Users/sharajrewoo/DemoReposQA/FinSight/backend/.venv/lib/python3.9/site-packages/starlette/_exception_handler.py", line 64, in wrapped_app
    raise exc
  File "/Users/sharajrewoo/DemoReposQA/FinSight/backend/.venv/lib/python3.9/site-packages/starlette/_exception_handler.py", line 53, in wrapped_app
    await app(scope, receive, sender)
  File "/Users/sharajrewoo/DemoReposQA/FinSight/backend/.venv/lib/python3.9/site-packages/starlette/routing.py", line 756, in __call__
    await self.middleware_stack(scope, receive, send)
  File "/Users/sharajrewoo/DemoReposQA/FinSight/backend/.venv/lib/python3.9/site-packages/starlette/routing.py", line 776, in app
    await route.handle(scope, receive, send)
  File "/Users/sharajrewoo/DemoReposQA/FinSight/backend/.venv/lib/python3.9/site-packages/starlette/routing.py", line 297, in handle
    await self.app(scope, receive, send)
  File "/Users/sharajrewoo/DemoReposQA/FinSight/backend/.venv/lib/python3.9/site-packages/starlette/routing.py", line 77, in app
    await wrap_app_handling_exceptions(app, request)(scope, receive, send)
  File "/Users/sharajrewoo/DemoReposQA/FinSight/backend/.venv/lib/python3.9/site-packages/starlette/_exception_handler.py", line 64, in wrapped_app
    raise exc
  File "/Users/sharajrewoo/DemoReposQA/FinSight/backend/.venv/lib/python3.9/site-packages/starlette/_exception_handler.py", line 53, in wrapped_app
    await app(scope, receive, sender)
  File "/Users/sharajrewoo/DemoReposQA/FinSight/backend/.venv/lib/python3.9/site-packages/starlette/routing.py", line 72, in app
    response = await func(request)
  File "/Users/sharajrewoo/DemoReposQA/FinSight/backend/.venv/lib/python3.9/site-packages/fastapi/routing.py", line 278, in app
    raw_response = await run_endpoint_function(
  File "/Users/sharajrewoo/DemoReposQA/FinSight/backend/.venv/lib/python3.9/site-packages/fastapi/routing.py", line 191, in run_endpoint_function
    return await dependant.call(**values)
  File "/Users/sharajrewoo/DemoReposQA/FinSight/backend/.venv/lib/python3.9/site-packages/slowapi/extension.py", line 734, in async_wrapper
    response = await func(*args, **kwargs)  # type: ignore
  File "/Users/sharajrewoo/DemoReposQA/FinSight/backend/server.py", line 1582, in get_sector_heatmap
    for sym_info in symbols_data:
TypeError: 'coroutine' object is not iterable
/Users/sharajrewoo/DemoReposQA/FinSight/backend/.venv/lib/python3.9/site-packages/starlette/routing.py:72: RuntimeWarning: coroutine 'get_nifty50_symbols' was never awaited
  response = await func(request)
RuntimeWarning: Enable tracemalloc to get the object allocation traceback
INFO:     127.0.0.1:53345 - "GET /api/market/sector-heatmap HTTP/1.1" 500 Internal Server Error
ERROR:    Exception in ASGI application
  + Exception Group Traceback (most recent call last):
  |   File "/Users/sharajrewoo/DemoReposQA/FinSight/backend/.venv/lib/python3.9/site-packages/starlette/_utils.py", line 87, in collapse_excgroups
  |     yield
  |   File "/Users/sharajrewoo/DemoReposQA/FinSight/backend/.venv/lib/python3.9/site-packages/starlette/middleware/base.py", line 193, in __call__
  |     response_sent.set()
  |   File "/Users/sharajrewoo/DemoReposQA/FinSight/backend/.venv/lib/python3.9/site-packages/anyio/_backends/_asyncio.py", line 783, in __aexit__
  |     raise BaseExceptionGroup(
  | exceptiongroup.ExceptionGroup: unhandled errors in a TaskGroup (1 sub-exception)
  +-+---------------- 1 ----------------
    | Traceback (most recent call last):
    |   File "/Users/sharajrewoo/DemoReposQA/FinSight/backend/.venv/lib/python3.9/site-packages/uvicorn/protocols/http/h11_impl.py", line 408, in run_asgi
    |     result = await app(  # type: ignore[func-returns-value]
    |   File "/Users/sharajrewoo/DemoReposQA/FinSight/backend/.venv/lib/python3.9/site-packages/uvicorn/middleware/proxy_headers.py", line 84, in __call__
    |     return await self.app(scope, receive, send)
    |   File "/Users/sharajrewoo/DemoReposQA/FinSight/backend/.venv/lib/python3.9/site-packages/fastapi/applications.py", line 1054, in __call__
    |     await super().__call__(scope, receive, send)
    |   File "/Users/sharajrewoo/DemoReposQA/FinSight/backend/.venv/lib/python3.9/site-packages/starlette/applications.py", line 123, in __call__
    |     await self.middleware_stack(scope, receive, send)
    |   File "/Users/sharajrewoo/DemoReposQA/FinSight/backend/.venv/lib/python3.9/site-packages/starlette/middleware/errors.py", line 186, in __call__
    |     raise exc
    |   File "/Users/sharajrewoo/DemoReposQA/FinSight/backend/.venv/lib/python3.9/site-packages/starlette/middleware/errors.py", line 164, in __call__
    |     await self.app(scope, receive, _send)
    |   File "/Users/sharajrewoo/DemoReposQA/FinSight/backend/.venv/lib/python3.9/site-packages/starlette/middleware/cors.py", line 93, in __call__
    |     await self.simple_response(scope, receive, send, request_headers=headers)
    |   File "/Users/sharajrewoo/DemoReposQA/FinSight/backend/.venv/lib/python3.9/site-packages/starlette/middleware/cors.py", line 148, in simple_response
    |     await self.app(scope, receive, send)
    |   File "/Users/sharajrewoo/DemoReposQA/FinSight/backend/.venv/lib/python3.9/site-packages/starlette/middleware/base.py", line 193, in __call__
    |     response_sent.set()
    |   File "/Library/Developer/CommandLineTools/Library/Frameworks/Python3.framework/Versions/3.9/lib/python3.9/contextlib.py", line 135, in __exit__
    |     self.gen.throw(type, value, traceback)
    |   File "/Users/sharajrewoo/DemoReposQA/FinSight/backend/.venv/lib/python3.9/site-packages/starlette/_utils.py", line 93, in collapse_excgroups
    |     raise exc
    |   File "/Users/sharajrewoo/DemoReposQA/FinSight/backend/.venv/lib/python3.9/site-packages/starlette/middleware/base.py", line 191, in __call__
    |     response = await self.dispatch_func(request, call_next)
    |   File "/Users/sharajrewoo/DemoReposQA/FinSight/backend/.venv/lib/python3.9/site-packages/slowapi/middleware.py", line 128, in dispatch
    |     return await call_next(request)
    |   File "/Users/sharajrewoo/DemoReposQA/FinSight/backend/.venv/lib/python3.9/site-packages/starlette/middleware/base.py", line 165, in call_next
    |     raise app_exc
    |   File "/Users/sharajrewoo/DemoReposQA/FinSight/backend/.venv/lib/python3.9/site-packages/starlette/middleware/base.py", line 151, in coro
    |     await self.app(scope, receive_or_disconnect, send_no_error)
    |   File "/Users/sharajrewoo/DemoReposQA/FinSight/backend/.venv/lib/python3.9/site-packages/starlette/middleware/exceptions.py", line 65, in __call__
    |     await wrap_app_handling_exceptions(self.app, conn)(scope, receive, send)
    |   File "/Users/sharajrewoo/DemoReposQA/FinSight/backend/.venv/lib/python3.9/site-packages/starlette/_exception_handler.py", line 64, in wrapped_app
    |     raise exc
    |   File "/Users/sharajrewoo/DemoReposQA/FinSight/backend/.venv/lib/python3.9/site-packages/starlette/_exception_handler.py", line 53, in wrapped_app
    |     await app(scope, receive, sender)
    |   File "/Users/sharajrewoo/DemoReposQA/FinSight/backend/.venv/lib/python3.9/site-packages/starlette/routing.py", line 756, in __call__
    |     await self.middleware_stack(scope, receive, send)
    |   File "/Users/sharajrewoo/DemoReposQA/FinSight/backend/.venv/lib/python3.9/site-packages/starlette/routing.py", line 776, in app
    |     await route.handle(scope, receive, send)
    |   File "/Users/sharajrewoo/DemoReposQA/FinSight/backend/.venv/lib/python3.9/site-packages/starlette/routing.py", line 297, in handle
    |     await self.app(scope, receive, send)
    |   File "/Users/sharajrewoo/DemoReposQA/FinSight/backend/.venv/lib/python3.9/site-packages/starlette/routing.py", line 77, in app
    |     await wrap_app_handling_exceptions(app, request)(scope, receive, send)
    |   File "/Users/sharajrewoo/DemoReposQA/FinSight/backend/.venv/lib/python3.9/site-packages/starlette/_exception_handler.py", line 64, in wrapped_app
    |     raise exc
    |   File "/Users/sharajrewoo/DemoReposQA/FinSight/backend/.venv/lib/python3.9/site-packages/starlette/_exception_handler.py", line 53, in wrapped_app
    |     await app(scope, receive, sender)
    |   File "/Users/sharajrewoo/DemoReposQA/FinSight/backend/.venv/lib/python3.9/site-packages/starlette/routing.py", line 72, in app
    |     response = await func(request)
    |   File "/Users/sharajrewoo/DemoReposQA/FinSight/backend/.venv/lib/python3.9/site-packages/fastapi/routing.py", line 278, in app
    |     raw_response = await run_endpoint_function(
    |   File "/Users/sharajrewoo/DemoReposQA/FinSight/backend/.venv/lib/python3.9/site-packages/fastapi/routing.py", line 191, in run_endpoint_function
    |     return await dependant.call(**values)
    |   File "/Users/sharajrewoo/DemoReposQA/FinSight/backend/.venv/lib/python3.9/site-packages/slowapi/extension.py", line 734, in async_wrapper
    |     response = await func(*args, **kwargs)  # type: ignore
    |   File "/Users/sharajrewoo/DemoReposQA/FinSight/backend/server.py", line 1582, in get_sector_heatmap
    |     for sym_info in symbols_data:
    | TypeError: 'coroutine' object is not iterable
    +------------------------------------

During handling of the above exception, another exception occurred:

Traceback (most recent call last):
  File "/Users/sharajrewoo/DemoReposQA/FinSight/backend/.venv/lib/python3.9/site-packages/uvicorn/protocols/http/h11_impl.py", line 408, in run_asgi
    result = await app(  # type: ignore[func-returns-value]
  File "/Users/sharajrewoo/DemoReposQA/FinSight/backend/.venv/lib/python3.9/site-packages/uvicorn/middleware/proxy_headers.py", line 84, in __call__
    return await self.app(scope, receive, send)
  File "/Users/sharajrewoo/DemoReposQA/FinSight/backend/.venv/lib/python3.9/site-packages/fastapi/applications.py", line 1054, in __call__
    await super().__call__(scope, receive, send)
  File "/Users/sharajrewoo/DemoReposQA/FinSight/backend/.venv/lib/python3.9/site-packages/starlette/applications.py", line 123, in __call__
    await self.middleware_stack(scope, receive, send)
  File "/Users/sharajrewoo/DemoReposQA/FinSight/backend/.venv/lib/python3.9/site-packages/starlette/middleware/errors.py", line 186, in __call__
    raise exc
  File "/Users/sharajrewoo/DemoReposQA/FinSight/backend/.venv/lib/python3.9/site-packages/starlette/middleware/errors.py", line 164, in __call__
    await self.app(scope, receive, _send)
  File "/Users/sharajrewoo/DemoReposQA/FinSight/backend/.venv/lib/python3.9/site-packages/starlette/middleware/cors.py", line 93, in __call__
    await self.simple_response(scope, receive, send, request_headers=headers)
  File "/Users/sharajrewoo/DemoReposQA/FinSight/backend/.venv/lib/python3.9/site-packages/starlette/middleware/cors.py", line 148, in simple_response
    await self.app(scope, receive, send)
  File "/Users/sharajrewoo/DemoReposQA/FinSight/backend/.venv/lib/python3.9/site-packages/starlette/middleware/base.py", line 193, in __call__
    response_sent.set()
  File "/Library/Developer/CommandLineTools/Library/Frameworks/Python3.framework/Versions/3.9/lib/python3.9/contextlib.py", line 135, in __exit__
    self.gen.throw(type, value, traceback)
  File "/Users/sharajrewoo/DemoReposQA/FinSight/backend/.venv/lib/python3.9/site-packages/starlette/_utils.py", line 93, in collapse_excgroups
    raise exc
  File "/Users/sharajrewoo/DemoReposQA/FinSight/backend/.venv/lib/python3.9/site-packages/starlette/middleware/base.py", line 191, in __call__
    response = await self.dispatch_func(request, call_next)
  File "/Users/sharajrewoo/DemoReposQA/FinSight/backend/.venv/lib/python3.9/site-packages/slowapi/middleware.py", line 128, in dispatch
    return await call_next(request)
  File "/Users/sharajrewoo/DemoReposQA/FinSight/backend/.venv/lib/python3.9/site-packages/starlette/middleware/base.py", line 165, in call_next
    raise app_exc
  File "/Users/sharajrewoo/DemoReposQA/FinSight/backend/.venv/lib/python3.9/site-packages/starlette/middleware/base.py", line 151, in coro
    await self.app(scope, receive_or_disconnect, send_no_error)
  File "/Users/sharajrewoo/DemoReposQA/FinSight/backend/.venv/lib/python3.9/site-packages/starlette/middleware/exceptions.py", line 65, in __call__
    await wrap_app_handling_exceptions(self.app, conn)(scope, receive, send)
  File "/Users/sharajrewoo/DemoReposQA/FinSight/backend/.venv/lib/python3.9/site-packages/starlette/_exception_handler.py", line 64, in wrapped_app
    raise exc
  File "/Users/sharajrewoo/DemoReposQA/FinSight/backend/.venv/lib/python3.9/site-packages/starlette/_exception_handler.py", line 53, in wrapped_app
    await app(scope, receive, sender)
  File "/Users/sharajrewoo/DemoReposQA/FinSight/backend/.venv/lib/python3.9/site-packages/starlette/routing.py", line 756, in __call__
    await self.middleware_stack(scope, receive, send)
  File "/Users/sharajrewoo/DemoReposQA/FinSight/backend/.venv/lib/python3.9/site-packages/starlette/routing.py", line 776, in app
    await route.handle(scope, receive, send)
  File "/Users/sharajrewoo/DemoReposQA/FinSight/backend/.venv/lib/python3.9/site-packages/starlette/routing.py", line 297, in handle
    await self.app(scope, receive, send)
  File "/Users/sharajrewoo/DemoReposQA/FinSight/backend/.venv/lib/python3.9/site-packages/starlette/routing.py", line 77, in app
    await wrap_app_handling_exceptions(app, request)(scope, receive, send)
  File "/Users/sharajrewoo/DemoReposQA/FinSight/backend/.venv/lib/python3.9/site-packages/starlette/_exception_handler.py", line 64, in wrapped_app
    raise exc
  File "/Users/sharajrewoo/DemoReposQA/FinSight/backend/.venv/lib/python3.9/site-packages/starlette/_exception_handler.py", line 53, in wrapped_app
    await app(scope, receive, sender)
  File "/Users/sharajrewoo/DemoReposQA/FinSight/backend/.venv/lib/python3.9/site-packages/starlette/routing.py", line 72, in app
    response = await func(request)
  File "/Users/sharajrewoo/DemoReposQA/FinSight/backend/.venv/lib/python3.9/site-packages/fastapi/routing.py", line 278, in app
    raw_response = await run_endpoint_function(
  File "/Users/sharajrewoo/DemoReposQA/FinSight/backend/.venv/lib/python3.9/site-packages/fastapi/routing.py", line 191, in run_endpoint_function
    return await dependant.call(**values)
  File "/Users/sharajrewoo/DemoReposQA/FinSight/backend/.venv/lib/python3.9/site-packages/slowapi/extension.py", line 734, in async_wrapper
    response = await func(*args, **kwargs)  # type: ignore
  File "/Users/sharajrewoo/DemoReposQA/FinSight/backend/server.py", line 1582, in get_sector_heatmap
    for sym_info in symbols_data:
TypeError: 'coroutine' object is not iterable
2026-02-24 16:16:20,103 - httpx - INFO - HTTP Request: POST https://api.openai.com/v1/chat/completions "HTTP/1.1 200 OK"
INFO:     127.0.0.1:53283 - "GET /api/market/morning-brief HTTP/1.1" 200 OK
/Users/sharajrewoo/DemoReposQA/FinSight/backend/.venv/lib/python3.9/site-packages/pandas/core/internals/blocks.py:826: RuntimeWarning: coroutine 'get_nifty50_symbols' was never awaited
  return type(self)(values, placement=self._mgr_locs, ndim=self.ndim, refs=refs)
RuntimeWarning: Enable tracemalloc to get the object allocation traceback
