<?xml version="1.0" encoding="utf-8"?><testsuites name="pytest tests"><testsuite name="pytest" errors="0" failures="1" skipped="0" tests="12" time="28.376" timestamp="2026-02-23T15:10:56.695670+00:00" hostname="agent-env-f4859818-1b3c-4187-a884-7ced5909af90"><testcase classname="tests.test_new_features.TestAIAutoRecommendations" name="test_auto_recommendations_returns_data" time="5.972" /><testcase classname="tests.test_new_features.TestAIAutoRecommendations" name="test_auto_recommendations_buy_structure" time="1.618" /><testcase classname="tests.test_new_features.TestAIAutoRecommendations" name="test_auto_recommendations_sell_structure" time="1.202" /><testcase classname="tests.test_new_features.TestChartImageAnalysis" name="test_analyze_chart_image_with_sample_base64" time="5.877"><failure message="assert 520 == 200&#10; +  where 520 = &lt;Response [520]&gt;.status_code">tests/test_new_features.py:115: in test_analyze_chart_image_with_sample_base64
    assert response.status_code == 200
E   assert 520 == 200
E    +  where 520 = &lt;Response [520]&gt;.status_code</failure></testcase><testcase classname="tests.test_new_features.TestChartImageAnalysis" name="test_analyze_chart_image_missing_data" time="6.850" /><testcase classname="tests.test_new_features.TestSupportResistanceLevels" name="test_stock_quote_includes_support_resistance" time="0.460" /><testcase classname="tests.test_new_features.TestSupportResistanceLevels" name="test_technicals_includes_support_resistance" time="0.225" /><testcase classname="tests.test_new_features.TestADXIndicator" name="test_technicals_includes_adx" time="0.332" /><testcase classname="tests.test_new_features.TestADXIndicator" name="test_adx_in_auto_recommendations" time="4.720" /><testcase classname="tests.test_new_features.TestNSEBSESupport" name="test_search_returns_both_nse_and_bse" time="0.158" /><testcase classname="tests.test_new_features.TestNSEBSESupport" name="test_bse_stock_quote" time="0.661" /><testcase classname="tests.test_new_features.TestNSEBSESupport" name="test_bse_stock_technicals" time="0.263" /></testsuite></testsuites>